<?xml version="1.0" encoding="UTF-8"?>
<testng-results skipped="0" failed="0" ignored="0" total="3" passed="3">
  <reporter-output>
  </reporter-output>
  <suite name="Suite" duration-ms="20154" started-at="2021-04-22T12:56:19 EDT" finished-at="2021-04-22T12:56:39 EDT">
    <groups>
    </groups>
    <test name="Test" duration-ms="20154" started-at="2021-04-22T12:56:19 EDT" finished-at="2021-04-22T12:56:39 EDT">
      <class name="demopackage.TEST01">
        <test-method status="PASS" signature="startbrowser()[pri:0, instance:demopackage.TEST01@77f99a05]" name="startbrowser" is-config="true" duration-ms="3693" started-at="2021-04-22T12:56:19 EDT" finished-at="2021-04-22T12:56:23 EDT">
          <reporter-output>
          </reporter-output>
        </test-method> <!-- startbrowser -->
        <test-method status="PASS" signature="test1()[pri:0, instance:demopackage.TEST01@77f99a05]" name="test1" duration-ms="6966" started-at="2021-04-22T12:56:23 EDT" finished-at="2021-04-22T12:56:30 EDT">
          <reporter-output>
          </reporter-output>
        </test-method> <!-- test1 -->
        <test-method status="PASS" signature="startbrowser()[pri:0, instance:demopackage.TEST01@77f99a05]" name="startbrowser" is-config="true" duration-ms="1484" started-at="2021-04-22T12:56:30 EDT" finished-at="2021-04-22T12:56:31 EDT">
          <reporter-output>
          </reporter-output>
        </test-method> <!-- startbrowser -->
        <test-method status="PASS" signature="test2()[pri:0, instance:demopackage.TEST01@77f99a05]" name="test2" duration-ms="3809" started-at="2021-04-22T12:56:31 EDT" finished-at="2021-04-22T12:56:35 EDT">
          <reporter-output>
          </reporter-output>
        </test-method> <!-- test2 -->
        <test-method status="PASS" signature="startbrowser()[pri:0, instance:demopackage.TEST01@77f99a05]" name="startbrowser" is-config="true" duration-ms="1765" started-at="2021-04-22T12:56:35 EDT" finished-at="2021-04-22T12:56:37 EDT">
          <reporter-output>
          </reporter-output>
        </test-method> <!-- startbrowser -->
        <test-method status="PASS" signature="test3()[pri:0, instance:demopackage.TEST01@77f99a05]" name="test3" duration-ms="2371" started-at="2021-04-22T12:56:37 EDT" finished-at="2021-04-22T12:56:39 EDT">
          <reporter-output>
          </reporter-output>
        </test-method> <!-- test3 -->
      </class> <!-- demopackage.TEST01 -->
    </test> <!-- Test -->
  </suite> <!-- Suite -->
</testng-results>
